{
  "RSpec": {
    "coverage": {
      "/Users/bmalets/projects/demos/cookbook/api/app/jobs/recipe_searches/confirmation_job.rb": {
        "lines": [
          null,
          null,
          1,
          1,
          1,
          3,
          3,
          null,
          3,
          null,
          1,
          1,
          null,
          null,
          1,
          null,
          1,
          3,
          3,
          null,
          3,
          1,
          null,
          1,
          null,
          null,
          null,
          null,
          1,
          3,
          null,
          null,
          null
        ]
      },
      "/Users/bmalets/projects/demos/cookbook/api/app/jobs/recipe_searches/base_job.rb": {
        "lines": [
          null,
          null,
          1,
          1,
          1,
          null,
          1,
          0,
          null,
          null,
          null
        ]
      },
      "/Users/bmalets/projects/demos/cookbook/api/app/jobs/application_job.rb": {
        "lines": [
          null,
          null,
          1,
          null
        ]
      },
      "/Users/bmalets/projects/demos/cookbook/api/app/jobs/recipe_searches/search_job.rb": {
        "lines": [
          null,
          null,
          1,
          1,
          1,
          3,
          3,
          null,
          3,
          2,
          null,
          1,
          1,
          null,
          null,
          1,
          null,
          1,
          3,
          3,
          3,
          2,
          null,
          null,
          null,
          1,
          2,
          null,
          null,
          1,
          3,
          null,
          null,
          null
        ]
      },
      "/Users/bmalets/projects/demos/cookbook/api/app/jobs/system/remove_inactive_recipe_searches_job.rb": {
        "lines": [
          null,
          null,
          1,
          1,
          1,
          null,
          1,
          3,
          null,
          null,
          1,
          null,
          1,
          3,
          null,
          null,
          null
        ]
      },
      "/Users/bmalets/projects/demos/cookbook/api/app/lib/groq_api/client.rb": {
        "lines": [
          null,
          null,
          1,
          1,
          1,
          8,
          null,
          null,
          1,
          8,
          null,
          null,
          null
        ]
      },
      "/Users/bmalets/projects/demos/cookbook/api/app/lib/groq_api/operations/ask_question.rb": {
        "lines": [
          null,
          null,
          1,
          1,
          1,
          1,
          null,
          null,
          null,
          1,
          9,
          9,
          9,
          null,
          null,
          1,
          9,
          5,
          null,
          1,
          1,
          null,
          3,
          3,
          null,
          null,
          null,
          null
        ]
      },
      "/Users/bmalets/projects/demos/cookbook/api/app/services/base_service.rb": {
        "lines": [
          null,
          null,
          1,
          1,
          null,
          1,
          1,
          12,
          null,
          null,
          null,
          1,
          0,
          null,
          null
        ]
      },
      "/Users/bmalets/projects/demos/cookbook/api/app/models/recipe_search.rb": {
        "lines": [
          null,
          null,
          1,
          1,
          null,
          1,
          null,
          1,
          null,
          null,
          null,
          null,
          null,
          null,
          null,
          null,
          5,
          5,
          5,
          null,
          1,
          1,
          null,
          1,
          1,
          1,
          1,
          1,
          1,
          1,
          1,
          1,
          null,
          1,
          1,
          null,
          null,
          1,
          1,
          null,
          null,
          1,
          1,
          null,
          null,
          1,
          1,
          null,
          null,
          1,
          1,
          null,
          null,
          1,
          1,
          null,
          null,
          1,
          1,
          null,
          null,
          null,
          1,
          15,
          null,
          null,
          1,
          null,
          1,
          136,
          null,
          null,
          null
        ]
      },
      "/Users/bmalets/projects/demos/cookbook/api/app/models/application_record.rb": {
        "lines": [
          null,
          null,
          1,
          1,
          null
        ]
      },
      "/Users/bmalets/projects/demos/cookbook/api/app/modules/groq_question_templates.rb": {
        "lines": [
          null,
          null,
          1,
          1,
          null,
          null,
          null,
          null,
          1,
          null,
          null,
          null,
          1,
          4,
          4,
          null,
          null,
          null,
          null,
          1,
          4,
          4,
          null,
          null,
          1,
          10,
          null,
          null
        ]
      },
      "/Users/bmalets/projects/demos/cookbook/api/app/services/recipe_searches/create_service.rb": {
        "lines": [
          null,
          null,
          1,
          1,
          1,
          7,
          7,
          null,
          null,
          1,
          7,
          7,
          null,
          7,
          7,
          null,
          null,
          1,
          null,
          1,
          7,
          null,
          null,
          null
        ]
      },
      "/Users/bmalets/projects/demos/cookbook/api/app/services/recipe_searches/groq_actions/recipe_confirmer.rb": {
        "lines": [
          null,
          null,
          1,
          1,
          1,
          null,
          1,
          1,
          null,
          null,
          1,
          6,
          6,
          5,
          null,
          null,
          1,
          null,
          1,
          null,
          1,
          6,
          null,
          null,
          null,
          null
        ]
      },
      "/Users/bmalets/projects/demos/cookbook/api/app/services/recipe_searches/groq_actions/recipe_base_action.rb": {
        "lines": [
          null,
          null,
          1,
          1,
          1,
          null,
          1,
          14,
          14,
          null,
          null,
          1,
          null,
          1,
          12,
          null,
          null,
          1,
          0,
          null,
          null,
          null,
          null
        ]
      },
      "/Users/bmalets/projects/demos/cookbook/api/app/services/recipe_searches/groq_actions/recipe_finder.rb": {
        "lines": [
          null,
          null,
          1,
          1,
          1,
          null,
          1,
          null,
          null,
          1,
          6,
          6,
          null,
          null,
          1,
          null,
          1,
          null,
          1,
          6,
          null,
          null,
          null,
          null
        ]
      },
      "/Users/bmalets/projects/demos/cookbook/api/app/controllers/api/v1/recipe_searches/answers_controller.rb": {
        "lines": [
          null,
          null,
          1,
          1,
          1,
          1,
          1,
          3,
          null,
          null,
          1,
          null,
          1,
          3,
          null,
          null,
          null,
          null,
          null
        ]
      },
      "/Users/bmalets/projects/demos/cookbook/api/app/controllers/api/v1/recipe_searches/base_controller.rb": {
        "lines": [
          null,
          null,
          1,
          1,
          1,
          1,
          1,
          1,
          null,
          1,
          null,
          1,
          24,
          null,
          null,
          1,
          6,
          null,
          null,
          1,
          12,
          null,
          6,
          null,
          null,
          null,
          null,
          null
        ]
      },
      "/Users/bmalets/projects/demos/cookbook/api/app/controllers/api/v1/base_controller.rb": {
        "lines": [
          null,
          null,
          1,
          1,
          1,
          1,
          null,
          null,
          null
        ]
      },
      "/Users/bmalets/projects/demos/cookbook/api/app/controllers/api_controller.rb": {
        "lines": [
          null,
          null,
          1,
          1,
          1,
          null
        ]
      },
      "/Users/bmalets/projects/demos/cookbook/api/app/controllers/concerns/api/error_respondable.rb": {
        "lines": [
          null,
          null,
          1,
          1,
          1,
          null,
          1,
          12,
          12,
          null,
          12,
          null,
          null,
          null
        ]
      },
      "/Users/bmalets/projects/demos/cookbook/api/app/controllers/concerns/api/error_handlable.rb": {
        "lines": [
          null,
          null,
          1,
          1,
          1,
          null,
          1,
          1,
          null,
          0,
          null,
          null,
          1,
          0,
          null,
          null,
          1,
          6,
          6,
          null,
          null,
          1,
          0,
          0,
          null,
          null,
          1,
          0,
          null,
          null,
          null,
          null
        ]
      },
      "/Users/bmalets/projects/demos/cookbook/api/app/controllers/concerns/api/v1/authorizable.rb": {
        "lines": [
          null,
          null,
          1,
          1,
          1,
          1,
          null,
          1,
          1,
          null,
          null,
          null,
          null
        ]
      },
      "/Users/bmalets/projects/demos/cookbook/api/app/serializers/api/v1/recipe_searches/answer_serializer.rb": {
        "lines": [
          null,
          null,
          1,
          1,
          1,
          1,
          1,
          null,
          1,
          null,
          null,
          null,
          null
        ]
      },
      "/Users/bmalets/projects/demos/cookbook/api/app/controllers/api/v1/recipe_searches/statuses_controller.rb": {
        "lines": [
          null,
          null,
          1,
          1,
          1,
          1,
          1,
          3,
          null,
          null,
          1,
          null,
          1,
          3,
          null,
          null,
          null,
          null,
          null
        ]
      },
      "/Users/bmalets/projects/demos/cookbook/api/app/serializers/api/v1/recipe_searches/status_serializer.rb": {
        "lines": [
          null,
          null,
          1,
          1,
          1,
          1,
          1,
          null,
          1,
          null,
          null,
          null,
          null
        ]
      },
      "/Users/bmalets/projects/demos/cookbook/api/app/controllers/api/v1/recipe_searches_controller.rb": {
        "lines": [
          null,
          null,
          1,
          1,
          1,
          1,
          9,
          3,
          null,
          null,
          1,
          null,
          1,
          9,
          null,
          null,
          1,
          9,
          null,
          null,
          1,
          3,
          null,
          null,
          null,
          null
        ]
      },
      "/Users/bmalets/projects/demos/cookbook/api/app/serializers/api/v1/recipe_search_serializer.rb": {
        "lines": [
          null,
          null,
          1,
          1,
          1,
          1,
          null,
          1,
          null,
          null,
          null
        ]
      }
    },
    "timestamp": 1737980435
  }
}
